Arguments: 
  /usr/local/bin/node /home/anders/.yarn/bin/yarn.js

PATH: 
  /home/anders/.yarn/bin:/home/anders/.config/yarn/global/node_modules/.bin:/usr/local/sbin:/usr/local/bin:/usr/sbin:/usr/bin:/sbin:/bin:/usr/games:/usr/local/games:/mnt/c/WINDOWS/system32:/mnt/c/WINDOWS:/mnt/c/WINDOWS/System32/Wbem:/mnt/c/WINDOWS/System32/WindowsPowerShell/v1.0/:/mnt/c/WINDOWS/System32/OpenSSH/:/mnt/c/Program Files/nodejs/:/mnt/c/ProgramData/chocolatey/bin:/mnt/c/Program Files/Git/cmd:/mnt/c/Users/ander/AppData/Local/Microsoft/WindowsApps:/mnt/c/Users/ander/AppData/Roaming/npm:/mnt/c/Users/ander/AppData/Local/Programs/Microsoft VS Code/bin:/mnt/c/Users/ander/.nimble/bin:/mnt/c/Users/ander/nim-1.6.0/bin:/mnt/c/Users/ander/nim-1.6.0/dist/mingw64/bin:/snap/bin

Yarn version: 
  1.22.15

Node version: 
  14.18.1

Platform: 
  linux x64

Trace: 
  Error: https://registry.yarnpkg.com/@oma-wc%2fcontent-switch: Not found
      at Request.params.callback [as _callback] (/home/anders/.yarn/lib/cli.js:67031:18)
      at Request.self.callback (/home/anders/.yarn/lib/cli.js:140885:22)
      at Request.emit (events.js:400:28)
      at Request.<anonymous> (/home/anders/.yarn/lib/cli.js:141857:10)
      at Request.emit (events.js:400:28)
      at IncomingMessage.<anonymous> (/home/anders/.yarn/lib/cli.js:141779:12)
      at Object.onceWrapper (events.js:519:28)
      at IncomingMessage.emit (events.js:412:35)
      at endReadableNT (internal/streams/readable.js:1334:12)
      at processTicksAndRejections (internal/process/task_queues.js:82:21)

npm manifest: 
  {
    "name": "@oma-wc/content-switch-fade",
    "version": "0.7.0",
    "description": "",
    "main": "dist/index.cjs.js",
    "unpkg": "dist/index.cjs.js",
    "module": "dist/index.es.js",
    "repository": {
      "type": "git",
      "url": "https://github.com/oma-wc/oma.git",
      "directory": "components/content-switch-fade"
    },
    "scripts": {
      "test": "echo \"Error: no test specified\" && exit 1"
    },
    "author": "",
    "license": "GPL3",
    "publishConfig": {
      "access": "public"
    },
    "dependencies": {
      "@oma-wc/state": "^0.7.0",
      "@oma-wc/content-switch": "^0.7.0",
      "haunted": "^4.7.0"
    },
    "gitHead": "fbecae7b85201797fc74f7e12263121895f916ca"
  }

yarn manifest: 
  No manifest

Lockfile: 
  No lockfile
